<?xml version="1.0" encoding="UTF-8"?>
<!-- Generated by org.testng.reporters.JUnitReportReporter -->
<testsuite hostname="CIBI-PC" name="org.suit.FinalSelectionPage" tests="1" failures="0" timestamp="17 Mar 2022 14:51:53 GMT" time="1.841" errors="0">
  <testcase name="pojoHotelFinalSelectionPage" time="1.841" classname="org.suit.FinalSelectionPage"/>
</testsuite> <!-- org.suit.FinalSelectionPage -->
