<?xml version="1.0" encoding="UTF-8"?>
<!-- Generated by org.testng.reporters.JUnitReportReporter -->
<testsuite hostname="CIBI-PC" name="HotelMainPage" tests="2" failures="0" timestamp="17 Mar 2022 10:40:22 GMT" time="0.008" errors="0">
  <testcase name="sample1" time="0.001" classname="HotelMainPage"/>
  <testcase name="sample" time="0.007" classname="HotelMainPage"/>
</testsuite> <!-- HotelMainPage -->
