<?xml version="1.0" encoding="UTF-8"?>
<!-- Generated by org.testng.reporters.JUnitReportReporter -->
<testsuite hostname="CIBI-PC" name="org.suit.PaymentPage" tests="1" failures="0" timestamp="17 Mar 2022 14:51:53 GMT" time="9.667" errors="0">
  <testcase name="pojoPaymentPage" time="9.667" classname="org.suit.PaymentPage"/>
</testsuite> <!-- org.suit.PaymentPage -->
