<?xml version="1.0" encoding="UTF-8"?>
<!-- Generated by org.testng.reporters.JUnitReportReporter -->
<testsuite hostname="CIBI-PC" name="org.suit.LoginPage" tests="1" failures="0" timestamp="17 Mar 2022 14:51:53 GMT" time="3.792" errors="0">
  <testcase name="pojoLoginPage" time="3.792" classname="org.suit.LoginPage"/>
</testsuite> <!-- org.suit.LoginPage -->
