<?xml version="1.0" encoding="UTF-8"?>
<!-- Generated by org.testng.reporters.JUnitReportReporter -->
<testsuite hostname="CIBI-PC" name="org.suit.HotelSelectionPage" tests="1" failures="0" timestamp="17 Mar 2022 14:51:53 GMT" time="5.141" errors="0">
  <testcase name="pojoHotelSelectionPage" time="5.141" classname="org.suit.HotelSelectionPage"/>
</testsuite> <!-- org.suit.HotelSelectionPage -->
